[E] 1553774955.611204 32640 python: Traceback (most recent call last):
  File "/home/wanzn/nao_project/modules/greeter/greeter.py", line 58, in __onGreetingDetected
    sys.exit()
SystemExit
[E] 1553775204.728838 41611 python: Traceback (most recent call last):
  File "/home/wanzn/nao_project/modules/greeter/greeter.py", line 58, in __onGreetingDetected
    sys.exit()
SystemExit
[E] 1553775301.300797 45817 python: Traceback (most recent call last):
  File "/home/wanzn/nao_project/modules/greeter/greeter.py", line 59, in __onGreetingDetected
    self.walker.stop("greetings")  # Stop the robot from moving.
  File "/home/wanzn/nao_project/modules/walker/walker.py", line 96, in stop
    self.sonar.unsubscribe("SonarSubscriber")
RuntimeError: 	ALExtractor::received unsubscribe from non-subscribed module: 
	SonarSubscriber
[E] 1553775301.303222 45819 python: Traceback (most recent call last):
  File "/home/wanzn/nao_project/modules/greeter/greeter.py", line 59, in __onGreetingDetected
    self.walker.stop("greetings")  # Stop the robot from moving.
  File "/home/wanzn/nao_project/modules/walker/walker.py", line 96, in stop
    self.sonar.unsubscribe("SonarSubscriber")
RuntimeError: 	ALExtractor::received unsubscribe from non-subscribed module: 
	SonarSubscriber
[E] 1553775302.710428 45831 python: Traceback (most recent call last):
  File "/home/wanzn/nao_project/modules/greeter/greeter.py", line 91, in __onGreetingDetected
    thread.MOTION_UNBLOCK()
  File "/home/wanzn/nao_project/tools/thread.py", line 13, in MOTION_UNBLOCK
    MOTION_MUTEX.release()
error: release unlocked lock
[E] 1553775309.449514 45822 python: Traceback (most recent call last):
  File "/home/wanzn/nao_project/modules/greeter/greeter.py", line 91, in __onGreetingDetected
    thread.MOTION_UNBLOCK()
  File "/home/wanzn/nao_project/tools/thread.py", line 13, in MOTION_UNBLOCK
    MOTION_MUTEX.release()
error: release unlocked lock
[E] 1553775472.205893 5483 python: Traceback (most recent call last):
  File "/home/wanzn/nao_project/modules/greeter/greeter.py", line 58, in __onGreetingDetected
    sys.exit()
SystemExit
[E] 1553775472.206201 5519 python: Traceback (most recent call last):
  File "/home/wanzn/nao_project/modules/greeter/greeter.py", line 58, in __onGreetingDetected
    sys.exit()
SystemExit
[E] 1553775472.206454 5498 python: Traceback (most recent call last):
  File "/home/wanzn/nao_project/modules/greeter/greeter.py", line 58, in __onGreetingDetected
    sys.exit()
SystemExit
[E] 1553775472.206652 5518 python: Traceback (most recent call last):
  File "/home/wanzn/nao_project/modules/greeter/greeter.py", line 58, in __onGreetingDetected
    sys.exit()
SystemExit
[E] 1553775482.948235 5510 python: Traceback (most recent call last):
  File "/home/wanzn/nao_project/modules/greeter/greeter.py", line 91, in __onGreetingDetected
    thread.MOTION_UNBLOCK()
  File "/home/wanzn/nao_project/tools/thread.py", line 13, in MOTION_UNBLOCK
    MOTION_MUTEX.release()
error: release unlocked lock
[E] 1553775673.942537 11147 python: Traceback (most recent call last):
  File "/home/wanzn/nao_project/modules/greeter/greeter.py", line 53, in __onGreetingDetected
    self.asr.unsubscribe("ASRSubscriber")
RuntimeError: 	ALExtractor::received unsubscribe from non-subscribed module: 
	ASRSubscriber
[E] 1553776261.227074 35441 python: Traceback (most recent call last):
  File "/home/wanzn/nao_project/modules/greeter/greeter.py", line 53, in __onGreetingDetected
    self.asr.unsubscribe("ASRSubscriber")
RuntimeError: 	ALExtractor::received unsubscribe from non-subscribed module: 
	ASRSubscriber
[E] 1553776323.190750 35436 python: Traceback (most recent call last):
  File "/home/wanzn/nao_project/modules/greeter/greeter.py", line 53, in __onGreetingDetected
    self.asr.unsubscribe("ASRSubscriber")
RuntimeError: 	ALExtractor::received unsubscribe from non-subscribed module: 
	ASRSubscriber
[E] 1553776455.172271 42389 python: Traceback (most recent call last):
  File "/home/wanzn/nao_project/modules/greeter/greeter.py", line 53, in __onGreetingDetected
    self.asr.unsubscribe("ASRSubscriber")
RuntimeError: 	ALExtractor::received unsubscribe from non-subscribed module: 
	ASRSubscriber
[E] 1553776455.172440 42362 python: Traceback (most recent call last):
  File "/home/wanzn/nao_project/modules/greeter/greeter.py", line 53, in __onGreetingDetected
    self.asr.unsubscribe("ASRSubscriber")
RuntimeError: 	ALExtractor::received unsubscribe from non-subscribed module: 
	ASRSubscriber
[E] 1553776455.172759 42352 python: Traceback (most recent call last):
  File "/home/wanzn/nao_project/modules/greeter/greeter.py", line 53, in __onGreetingDetected
    self.asr.unsubscribe("ASRSubscriber")
RuntimeError: 	ALExtractor::received unsubscribe from non-subscribed module: 
	ASRSubscriber
[E] 1553776455.173085 42372 python: Traceback (most recent call last):
  File "/home/wanzn/nao_project/modules/greeter/greeter.py", line 53, in __onGreetingDetected
    self.asr.unsubscribe("ASRSubscriber")
RuntimeError: 	ALExtractor::received unsubscribe from non-subscribed module: 
	ASRSubscriber
[E] 1553776467.442774 42384 python: Traceback (most recent call last):
  File "/home/wanzn/nao_project/modules/greeter/greeter.py", line 91, in __onGreetingDetected
    thread.MOTION_UNBLOCK()
  File "/home/wanzn/nao_project/tools/thread.py", line 13, in MOTION_UNBLOCK
    MOTION_MUTEX.release()
error: release unlocked lock
